Loading station_data from file
Compiling functions ...
Train loss: 6.44321440682
Val Loss: 3.49909198931
Val Acc Dist: [ 0.06273973  0.08328767  0.1060274   0.11369863  0.08191781  0.10027397
  0.06575342  0.08191781  0.06273973  0.0369863   0.03835616  0.02876712
  0.02684932  0.01945205  0.01260274  0.01315068  0.01424658  0.00876712
  0.01178082  0.0030137   0.00465753  0.00383562  0.00383562  0.0030137
  0.00191781  0.00273973  0.00273973  0.00164384  0.00082192  0.00027397
  0.00027397  0.00109589  0.00054795  0.00027397  0.          0.          0.
  0.          0.          0.          0.          0.          0.          0.
  0.          0.          0.          0.          0.          0.          0.
  0.          0.          0.          0.          0.          0.          0.
  0.          0.          0.        ]
Train loss: 4.0484522741
Val Loss: 3.29832351685
Val Acc Dist: [ 0.06        0.12164384  0.09260274  0.10328767  0.08547945  0.09726027
  0.08657534  0.04986301  0.05726027  0.03808219  0.04109589  0.03835616
  0.02986301  0.02547945  0.01890411  0.01917808  0.0109589   0.00712329
  0.00465753  0.00383562  0.00438356  0.00164384  0.00027397  0.
  0.00082192  0.00082192  0.00027397  0.00027397  0.          0.          0.
  0.          0.          0.          0.          0.          0.          0.
  0.          0.          0.          0.          0.          0.          0.
  0.          0.          0.          0.          0.          0.          0.
  0.          0.          0.          0.          0.          0.          0.
  0.          0.        ]
Train loss: 3.60838732875
Val Loss: 3.25630605084
Val Acc Dist: [ 0.06794521  0.1139726   0.11506849  0.11260274  0.09589041  0.10191781
  0.07589041  0.0630137   0.05561644  0.03945205  0.04328767  0.03123288
  0.01561644  0.01506849  0.01452055  0.01178082  0.00712329  0.00246575
  0.00520548  0.00356164  0.00465753  0.00219178  0.00027397  0.00027397
  0.00054795  0.00054795  0.00027397  0.          0.          0.          0.
  0.          0.          0.          0.          0.          0.          0.
  0.          0.          0.          0.          0.          0.          0.
  0.          0.          0.          0.          0.          0.          0.
  0.          0.          0.          0.          0.          0.          0.
  0.          0.        ]
Train loss: 3.46895405427
Val Loss: 3.17028185433
Val Acc Dist: [ 0.07424658  0.11424658  0.12794521  0.11150685  0.10630137  0.1060274
  0.07452055  0.07972603  0.05589041  0.04328767  0.03315068  0.01726027
  0.01506849  0.01013699  0.01041096  0.00849315  0.00273973  0.00356164
  0.00136986  0.00082192  0.00054795  0.00109589  0.00109589  0.00027397
  0.          0.00027397  0.          0.          0.          0.          0.
  0.          0.          0.          0.          0.          0.          0.
  0.          0.          0.          0.          0.          0.          0.
  0.          0.          0.          0.          0.          0.          0.
  0.          0.          0.          0.          0.          0.          0.
  0.          0.        ]
Train loss: 3.35163887351
Val Loss: 3.06600314042
Val Acc Dist: [ 0.07780822  0.15506849  0.11972603  0.11342466  0.10794521  0.10109589
  0.08630137  0.05232877  0.05315068  0.03589041  0.02958904  0.01972603
  0.01178082  0.01150685  0.00767123  0.00575342  0.00356164  0.00109589
  0.00136986  0.00219178  0.00136986  0.00082192  0.00054795  0.00027397
  0.          0.          0.          0.          0.          0.          0.
  0.          0.          0.          0.          0.          0.          0.
  0.          0.          0.          0.          0.          0.          0.
  0.          0.          0.          0.          0.          0.          0.
  0.          0.          0.          0.          0.          0.          0.
  0.          0.        ]
Train loss: 3.29163550907
Val Loss: 3.04075360429
Val Acc Dist: [ 0.07506849  0.12821918  0.13342466  0.13013699  0.11013699  0.11589041
  0.07150685  0.05972603  0.04958904  0.03342466  0.03315068  0.0169863
  0.0090411   0.01150685  0.00575342  0.00520548  0.00356164  0.00273973
  0.00136986  0.00082192  0.00219178  0.00027397  0.00027397  0.          0.
  0.          0.          0.          0.          0.          0.          0.
  0.          0.          0.          0.          0.          0.          0.
  0.          0.          0.          0.          0.          0.          0.
  0.          0.          0.          0.          0.          0.          0.
  0.          0.          0.          0.          0.          0.          0.
  0.        ]
Train loss: 3.23661495385
Val Loss: 2.99082901719
Val Acc Dist: [ 0.09150685  0.12767123  0.15013699  0.13671233  0.10027397  0.11068493
  0.06630137  0.07232877  0.04986301  0.02657534  0.02356164  0.01178082
  0.00958904  0.00575342  0.00465753  0.00520548  0.0030137   0.00027397
  0.00082192  0.00054795  0.00136986  0.00054795  0.00054795  0.00027397
  0.          0.          0.          0.          0.          0.          0.
  0.          0.          0.          0.          0.          0.          0.
  0.          0.          0.          0.          0.          0.          0.
  0.          0.          0.          0.          0.          0.          0.
  0.          0.          0.          0.          0.          0.          0.
  0.          0.        ]
Train loss: 3.18402767981
Val Loss: 2.93257270166
Val Acc Dist: [ 0.1030137   0.16246575  0.16575342  0.14712329  0.10054795  0.10136986
  0.05534247  0.05041096  0.04136986  0.01643836  0.01863014  0.01150685
  0.00465753  0.00684932  0.00356164  0.00410959  0.00219178  0.00191781
  0.00082192  0.          0.00082192  0.00027397  0.00054795  0.00027397
  0.          0.          0.          0.          0.          0.          0.
  0.          0.          0.          0.          0.          0.          0.
  0.          0.          0.          0.          0.          0.          0.
  0.          0.          0.          0.          0.          0.          0.
  0.          0.          0.          0.          0.          0.          0.
  0.          0.        ]
Train loss: 3.11905328194
Val Loss: 2.84154419984
Val Acc Dist: [ 0.10712329  0.17835616  0.17041096  0.1339726   0.11863014  0.10438356
  0.05780822  0.04191781  0.02575342  0.01753425  0.01589041  0.00767123
  0.00630137  0.00356164  0.0030137   0.00219178  0.00219178  0.00164384
  0.00027397  0.00027397  0.00082192  0.00027397  0.          0.          0.
  0.          0.          0.          0.          0.          0.          0.
  0.          0.          0.          0.          0.          0.          0.
  0.          0.          0.          0.          0.          0.          0.
  0.          0.          0.          0.          0.          0.          0.
  0.          0.          0.          0.          0.          0.          0.
  0.        ]
Train loss: 3.07963521736
Val Loss: 2.84097320132
Val Acc Dist: [ 0.10767123  0.16958904  0.17287671  0.15342466  0.09616438  0.09150685
  0.05534247  0.04630137  0.0339726   0.01863014  0.01808219  0.01232877
  0.0060274   0.0060274   0.00246575  0.0030137   0.00136986  0.00164384
  0.00082192  0.00082192  0.00082192  0.00054795  0.00054795  0.          0.
  0.          0.          0.          0.          0.          0.          0.
  0.          0.          0.          0.          0.          0.          0.
  0.          0.          0.          0.          0.          0.          0.
  0.          0.          0.          0.          0.          0.          0.
  0.          0.          0.          0.          0.          0.          0.
  0.        ]
Train loss: 3.04511000948
Val Loss: 2.79790766814
Val Acc Dist: [ 0.10821918  0.17917808  0.17013699  0.14273973  0.10794521  0.10054795
  0.05260274  0.04191781  0.03534247  0.01945205  0.01589041  0.00684932
  0.0060274   0.00383562  0.00273973  0.00219178  0.00219178  0.00136986
  0.          0.00027397  0.          0.          0.          0.00027397
  0.00027397  0.          0.          0.          0.          0.          0.
  0.          0.          0.          0.          0.          0.          0.
  0.          0.          0.          0.          0.          0.          0.
  0.          0.          0.          0.          0.          0.          0.
  0.          0.          0.          0.          0.          0.          0.
  0.          0.        ]
Train loss: 3.0161642711
Val Loss: 2.76535787021
Val Acc Dist: [ 0.12273973  0.19506849  0.17232877  0.13945205  0.11041096  0.10054795
  0.04986301  0.03835616  0.02        0.01534247  0.01671233  0.00575342
  0.00356164  0.00164384  0.00273973  0.00164384  0.00164384  0.00054795
  0.00027397  0.          0.00054795  0.00027397  0.          0.
  0.00054795  0.          0.          0.          0.          0.          0.
  0.          0.          0.          0.          0.          0.          0.
  0.          0.          0.          0.          0.          0.          0.
  0.          0.          0.          0.          0.          0.          0.
  0.          0.          0.          0.          0.          0.          0.
  0.          0.        ]
Train loss: 2.99373903542
Val Loss: 2.76851152982
Val Acc Dist: [ 0.1169863   0.18136986  0.17287671  0.13753425  0.1230137   0.09616438
  0.05753425  0.03013699  0.02739726  0.01945205  0.01068493  0.00821918
  0.00438356  0.00630137  0.00191781  0.00273973  0.00054795  0.00054795
  0.00136986  0.00027397  0.00054795  0.          0.          0.          0.
  0.          0.          0.          0.          0.          0.          0.
  0.          0.          0.          0.          0.          0.          0.
  0.          0.          0.          0.          0.          0.          0.
  0.          0.          0.          0.          0.          0.          0.
  0.          0.          0.          0.          0.          0.          0.
  0.        ]
Train loss: 2.97025778571
Val Loss: 2.7635825099
Val Acc Dist: [ 0.12849315  0.20164384  0.15945205  0.14547945  0.10575342  0.0890411
  0.05150685  0.03972603  0.02438356  0.01780822  0.01424658  0.00684932
  0.0060274   0.0030137   0.00191781  0.00164384  0.00136986  0.00082192
  0.00027397  0.          0.00027397  0.00027397  0.          0.          0.
  0.          0.          0.          0.          0.          0.          0.
  0.          0.          0.          0.          0.          0.          0.
  0.          0.          0.          0.          0.          0.          0.
  0.          0.          0.          0.          0.          0.          0.
  0.          0.          0.          0.          0.          0.          0.
  0.        ]
Train loss: 2.95621917832
Val Loss: 2.72490579011
Val Acc Dist: [ 0.12438356  0.17616438  0.19068493  0.14328767  0.11150685  0.09561644
  0.05013699  0.03972603  0.02356164  0.0169863   0.01041096  0.00575342
  0.00356164  0.00273973  0.00191781  0.00136986  0.00054795  0.
  0.00027397  0.00054795  0.          0.00054795  0.          0.
  0.00027397  0.          0.          0.          0.          0.          0.
  0.          0.          0.          0.          0.          0.          0.
  0.          0.          0.          0.          0.          0.          0.
  0.          0.          0.          0.          0.          0.          0.
  0.          0.          0.          0.          0.          0.          0.
  0.          0.        ]
Train loss: 2.9336496285
Val Loss: 2.70791211788
Val Acc Dist: [ 0.13123288  0.19616438  0.19315068  0.14684932  0.10383562  0.08547945
  0.04767123  0.02958904  0.02410959  0.01178082  0.01232877  0.00465753
  0.00383562  0.00438356  0.00164384  0.00164384  0.00054795  0.
  0.00054795  0.          0.          0.00027397  0.          0.
  0.00027397  0.          0.          0.          0.          0.          0.
  0.          0.          0.          0.          0.          0.          0.
  0.          0.          0.          0.          0.          0.          0.
  0.          0.          0.          0.          0.          0.          0.
  0.          0.          0.          0.          0.          0.          0.
  0.          0.        ]
Train loss: 2.92440414142
Val Loss: 2.69565057833
Val Acc Dist: [ 0.12821918  0.18520548  0.20054795  0.15780822  0.09232877  0.08246575
  0.04630137  0.03753425  0.02657534  0.01479452  0.01287671  0.00410959
  0.00438356  0.00136986  0.00273973  0.00082192  0.00082192  0.
  0.00027397  0.00054795  0.          0.          0.          0.00027397
  0.          0.          0.          0.          0.          0.          0.
  0.          0.          0.          0.          0.          0.          0.
  0.          0.          0.          0.          0.          0.          0.
  0.          0.          0.          0.          0.          0.          0.
  0.          0.          0.          0.          0.          0.          0.
  0.          0.        ]
Train loss: 2.91453131522
Val Loss: 2.70006967741
Val Acc Dist: [ 0.12054795  0.20273973  0.18219178  0.14657534  0.10821918  0.0890411
  0.05068493  0.03123288  0.02657534  0.01424658  0.01150685  0.00465753
  0.00438356  0.00328767  0.00164384  0.00082192  0.00054795  0.00027397
  0.          0.00054795  0.          0.          0.          0.          0.
  0.          0.          0.00027397  0.          0.          0.          0.
  0.          0.          0.          0.          0.          0.          0.
  0.          0.          0.          0.          0.          0.          0.
  0.          0.          0.          0.          0.          0.          0.
  0.          0.          0.          0.          0.          0.          0.
  0.        ]
Train loss: 2.89898247058
Val Loss: 2.6815421998
Val Acc Dist: [ 0.13232877  0.18383562  0.1830137   0.15342466  0.10958904  0.09205479
  0.04657534  0.03287671  0.02383562  0.01424658  0.01205479  0.00438356
  0.00410959  0.00356164  0.00164384  0.00136986  0.00054795  0.
  0.00027397  0.00027397  0.          0.          0.          0.          0.
  0.          0.          0.          0.          0.          0.          0.
  0.          0.          0.          0.          0.          0.          0.
  0.          0.          0.          0.          0.          0.          0.
  0.          0.          0.          0.          0.          0.          0.
  0.          0.          0.          0.          0.          0.          0.
  0.        ]
Train loss: 2.8907822423
Val Loss: 2.69390905237
Val Acc Dist: [ 0.11972603  0.17753425  0.19013699  0.14438356  0.11178082  0.09671233
  0.04767123  0.04027397  0.02657534  0.01506849  0.01260274  0.00493151
  0.00410959  0.00410959  0.00164384  0.00164384  0.00054795  0.          0.
  0.00054795  0.          0.          0.          0.          0.          0.
  0.          0.          0.          0.          0.          0.          0.
  0.          0.          0.          0.          0.          0.          0.
  0.          0.          0.          0.          0.          0.          0.
  0.          0.          0.          0.          0.          0.          0.
  0.          0.          0.          0.          0.          0.          0.        ]
Train loss: 2.88574687127
Val Loss: 2.67693696205
Val Acc Dist: [ 0.13616438  0.20164384  0.18520548  0.14082192  0.10383562  0.08876712
  0.04876712  0.02821918  0.0260274   0.0169863   0.00794521  0.00547945
  0.00383562  0.0030137   0.00054795  0.00109589  0.00109589  0.          0.
  0.00027397  0.          0.00027397  0.          0.          0.          0.
  0.          0.          0.          0.          0.          0.          0.
  0.          0.          0.          0.          0.          0.          0.
  0.          0.          0.          0.          0.          0.          0.
  0.          0.          0.          0.          0.          0.          0.
  0.          0.          0.          0.          0.          0.          0.        ]
Train loss: 2.87828403355
Val Loss: 2.67978013313
Val Acc Dist: [ 0.12767123  0.20410959  0.17452055  0.1430137   0.11671233  0.08465753
  0.05424658  0.03287671  0.02082192  0.01506849  0.00958904  0.0060274
  0.00356164  0.00246575  0.00164384  0.00136986  0.00082192  0.
  0.00027397  0.00054795  0.          0.          0.          0.          0.
  0.          0.          0.          0.          0.          0.          0.
  0.          0.          0.          0.          0.          0.          0.
  0.          0.          0.          0.          0.          0.          0.
  0.          0.          0.          0.          0.          0.          0.
  0.          0.          0.          0.          0.          0.          0.
  0.        ]
Train loss: 2.87404743039
Val Loss: 2.67724119807
Val Acc Dist: [ 0.13945205  0.18438356  0.19452055  0.15013699  0.10575342  0.08493151
  0.04136986  0.03479452  0.02328767  0.0139726   0.01369863  0.00273973
  0.00465753  0.00191781  0.00109589  0.00109589  0.00109589  0.00054795
  0.          0.00027397  0.          0.00027397  0.          0.          0.
  0.          0.          0.          0.          0.          0.          0.
  0.          0.          0.          0.          0.          0.          0.
  0.          0.          0.          0.          0.          0.          0.
  0.          0.          0.          0.          0.          0.          0.
  0.          0.          0.          0.          0.          0.          0.
  0.        ]
Train loss: 2.86459514825
Val Loss: 2.67577317473
Val Acc Dist: [ 0.13205479  0.20246575  0.18712329  0.14575342  0.10410959  0.08794521
  0.04164384  0.03041096  0.02383562  0.01452055  0.01369863  0.00410959
  0.00438356  0.00191781  0.00246575  0.00164384  0.00082192  0.
  0.00027397  0.00054795  0.          0.          0.          0.          0.
  0.          0.          0.          0.          0.00027397  0.          0.
  0.          0.          0.          0.          0.          0.          0.
  0.          0.          0.          0.          0.          0.          0.
  0.          0.          0.          0.          0.          0.          0.
  0.          0.          0.          0.          0.          0.          0.
  0.        ]
Train loss: 2.85592740775
Val Loss: 2.6738411277
Val Acc Dist: [ 0.14191781  0.20465753  0.18630137  0.13890411  0.10273973  0.08383562
  0.04712329  0.03232877  0.02054795  0.01424658  0.01232877  0.00493151
  0.00520548  0.00191781  0.00054795  0.00136986  0.00054795  0.
  0.00027397  0.          0.          0.          0.00027397  0.          0.
  0.          0.          0.          0.          0.          0.          0.
  0.          0.          0.          0.          0.          0.          0.
  0.          0.          0.          0.          0.          0.          0.
  0.          0.          0.          0.          0.          0.          0.
  0.          0.          0.          0.          0.          0.          0.
  0.        ]
Train loss: 2.85552672703
Val Loss: 2.66775010122
Val Acc Dist: [ 0.12821918  0.19424658  0.19726027  0.14438356  0.1060274   0.08273973
  0.05150685  0.0339726   0.02273973  0.01315068  0.01013699  0.00356164
  0.00383562  0.00328767  0.00219178  0.00109589  0.00109589  0.
  0.00027397  0.          0.          0.          0.          0.          0.
  0.          0.          0.00027397  0.          0.          0.          0.
  0.          0.          0.          0.          0.          0.          0.
  0.          0.          0.          0.          0.          0.          0.
  0.          0.          0.          0.          0.          0.          0.
  0.          0.          0.          0.          0.          0.          0.
  0.        ]
Train loss: 2.85092397682
Val Loss: 2.66515754543
Val Acc Dist: [ 0.14027397  0.20136986  0.17808219  0.1509589   0.10273973  0.07917808
  0.04849315  0.03150685  0.02712329  0.01369863  0.00931507  0.00630137
  0.00410959  0.00273973  0.00082192  0.00109589  0.00136986  0.
  0.00027397  0.00027397  0.          0.          0.          0.          0.
  0.          0.          0.          0.          0.00027397  0.          0.
  0.          0.          0.          0.          0.          0.          0.
  0.          0.          0.          0.          0.          0.          0.
  0.          0.          0.          0.          0.          0.          0.
  0.          0.          0.          0.          0.          0.          0.
  0.        ]
Train loss: 2.85022488065
Val Loss: 2.65706016736
Val Acc Dist: [ 0.13835616  0.19589041  0.19780822  0.14273973  0.09863014  0.08876712
  0.04164384  0.03643836  0.01890411  0.01452055  0.01123288  0.00547945
  0.00383562  0.00273973  0.00109589  0.00054795  0.00054795  0.
  0.00027397  0.00027397  0.          0.00027397  0.          0.          0.
  0.          0.          0.          0.          0.          0.          0.
  0.          0.          0.          0.          0.          0.          0.
  0.          0.          0.          0.          0.          0.          0.
  0.          0.          0.          0.          0.          0.          0.
  0.          0.          0.          0.          0.          0.          0.
  0.        ]
Train loss: 2.84371567599
Val Loss: 2.67285405309
Val Acc Dist: [ 0.14438356  0.19589041  0.19041096  0.14246575  0.10136986  0.07506849
  0.04520548  0.03561644  0.02410959  0.01643836  0.01041096  0.00547945
  0.00520548  0.00356164  0.00191781  0.00082192  0.00054795  0.
  0.00054795  0.00027397  0.          0.          0.          0.          0.
  0.          0.          0.          0.          0.00027397  0.          0.
  0.          0.          0.          0.          0.          0.          0.
  0.          0.          0.          0.          0.          0.          0.
  0.          0.          0.          0.          0.          0.          0.
  0.          0.          0.          0.          0.          0.          0.
  0.        ]
Train loss: 2.84301156768
Val Loss: 2.71558620688
Val Acc Dist: [ 0.13369863  0.19479452  0.18931507  0.13506849  0.10438356  0.0860274
  0.04739726  0.03506849  0.02438356  0.0169863   0.0139726   0.00547945
  0.00438356  0.00273973  0.00273973  0.00109589  0.00054795  0.00054795
  0.          0.          0.          0.00027397  0.          0.
  0.00054795  0.          0.00027397  0.00027397  0.          0.          0.
  0.          0.          0.          0.          0.          0.          0.
  0.          0.          0.          0.          0.          0.          0.
  0.          0.          0.          0.          0.          0.          0.
  0.          0.          0.          0.          0.          0.          0.
  0.          0.        ]
Train loss: 2.83724464017
Val Loss: 2.66709864113
Val Acc Dist: [ 0.13424658  0.20657534  0.18657534  0.14109589  0.10958904  0.0860274
  0.0430137   0.03369863  0.02136986  0.01041096  0.00986301  0.00465753
  0.00438356  0.00328767  0.00136986  0.00219178  0.00082192  0.
  0.00027397  0.00027397  0.          0.          0.          0.          0.
  0.          0.          0.          0.          0.00027397  0.          0.
  0.          0.          0.          0.          0.          0.          0.
  0.          0.          0.          0.          0.          0.          0.
  0.          0.          0.          0.          0.          0.          0.
  0.          0.          0.          0.          0.          0.          0.
  0.        ]
