Loading station_data from file
Compiling functions ...
Train loss: 8.87513691399
Val Loss: 3.69057190706
Val Acc Dist: [ 0.04082192  0.07287671  0.0569863   0.06410959  0.05945205  0.05589041
  0.05013699  0.03369863  0.04082192  0.03643836  0.03616438  0.0260274
  0.02054795  0.03287671  0.03178082  0.03753425  0.03835616  0.02246575
  0.03287671  0.02739726  0.02410959  0.0260274   0.00876712  0.02027397
  0.01780822  0.01534247  0.01287671  0.00520548  0.00821918  0.0090411
  0.00520548  0.00958904  0.00136986  0.00356164  0.0030137   0.00219178
  0.00136986  0.00191781  0.00191781  0.00136986  0.00082192  0.00054795
  0.00027397  0.00027397  0.00082192  0.00054795  0.00027397  0.          0.
  0.          0.          0.          0.          0.          0.          0.
  0.          0.          0.          0.          0.        ]
3-Acc: 0.234794520548
Train loss: 6.69576302093
Val Loss: 3.65376767002
Val Acc Dist: [ 0.04328767  0.06684932  0.07342466  0.07150685  0.07589041  0.07808219
  0.07068493  0.06410959  0.05780822  0.05342466  0.05671233  0.05315068
  0.03863014  0.03561644  0.03342466  0.02575342  0.02        0.01287671
  0.01315068  0.01178082  0.0090411   0.00986301  0.00328767  0.00438356
  0.00383562  0.0030137   0.00136986  0.00164384  0.00219178  0.00109589
  0.00082192  0.00082192  0.00027397  0.00054795  0.00082192  0.00054795
  0.00027397  0.          0.          0.          0.          0.          0.
  0.          0.          0.          0.          0.          0.          0.
  0.          0.          0.          0.          0.          0.          0.
  0.          0.          0.          0.        ]
3-Acc: 0.255068493151
Train loss: 5.93918485823
Val Loss: 3.67426010863
Val Acc Dist: [ 0.03150685  0.0569863   0.04657534  0.05178082  0.07150685  0.06821918
  0.0709589   0.05068493  0.05150685  0.05863014  0.05534247  0.05753425
  0.04109589  0.0430137   0.03452055  0.03452055  0.0339726   0.02356164
  0.02767123  0.02082192  0.02219178  0.01671233  0.00657534  0.00438356
  0.00438356  0.00410959  0.00246575  0.00164384  0.00246575  0.00164384
  0.00136986  0.00054795  0.          0.          0.00082192  0.
  0.00027397  0.          0.          0.          0.          0.          0.
  0.          0.          0.          0.          0.          0.          0.
  0.          0.          0.          0.          0.          0.          0.
  0.          0.          0.          0.        ]
3-Acc: 0.186849315068
Train loss: 5.52285857636
Val Loss: 3.61050103965
Val Acc Dist: [ 0.0509589   0.07287671  0.08684932  0.07863014  0.06465753  0.07369863
  0.05479452  0.06849315  0.05260274  0.05041096  0.05479452  0.04493151
  0.0509589   0.03972603  0.0309589   0.03123288  0.02164384  0.0169863
  0.01863014  0.00657534  0.00931507  0.00493151  0.00657534  0.00328767
  0.00164384  0.00109589  0.00027397  0.00054795  0.00109589  0.00054795
  0.00027397  0.          0.          0.          0.          0.          0.
  0.          0.          0.          0.          0.          0.          0.
  0.          0.          0.          0.          0.          0.          0.
  0.          0.          0.          0.          0.          0.          0.
  0.          0.          0.        ]
3-Acc: 0.289315068493
Train loss: 5.22339836241
Val Loss: 3.51552464087
Val Acc Dist: [ 0.06657534  0.10493151  0.12739726  0.1109589   0.08109589  0.09260274
  0.05643836  0.06493151  0.04273973  0.03671233  0.04273973  0.02547945
  0.03041096  0.02136986  0.01616438  0.01945205  0.01369863  0.01287671
  0.0109589   0.00493151  0.00465753  0.00273973  0.00383562  0.00164384
  0.00219178  0.00136986  0.00027397  0.00027397  0.00054795  0.          0.
  0.          0.          0.          0.          0.          0.          0.
  0.          0.          0.          0.          0.          0.          0.
  0.          0.          0.          0.          0.          0.          0.
  0.          0.          0.          0.          0.          0.          0.
  0.          0.        ]
3-Acc: 0.409863013699
Train loss: 5.00293216265
Val Loss: 3.50985187321
Val Acc Dist: [ 0.06986301  0.09589041  0.11534247  0.11452055  0.08082192  0.09342466
  0.06958904  0.06767123  0.05123288  0.03808219  0.03616438  0.03123288
  0.03123288  0.02438356  0.01534247  0.01369863  0.01068493  0.00849315
  0.00575342  0.00356164  0.00493151  0.00465753  0.00328767  0.00219178
  0.00136986  0.00164384  0.00136986  0.00054795  0.00082192  0.00027397
  0.00054795  0.00027397  0.          0.          0.00027397  0.00027397
  0.00027397  0.00027397  0.          0.          0.          0.          0.
  0.          0.          0.          0.          0.          0.          0.
  0.          0.          0.          0.          0.          0.          0.
  0.          0.          0.          0.        ]
3-Acc: 0.395616438356
Train loss: 4.86918869744
Val Loss: 3.58226180214
Val Acc Dist: [ 0.04        0.06739726  0.0660274   0.06246575  0.07780822  0.08219178
  0.07232877  0.06356164  0.05315068  0.06958904  0.06958904  0.05150685
  0.04794521  0.03506849  0.03835616  0.02739726  0.01534247  0.01041096
  0.00821918  0.00876712  0.00547945  0.0060274   0.0030137   0.00328767
  0.00273973  0.00219178  0.00191781  0.00082192  0.00164384  0.00191781
  0.00136986  0.00054795  0.00027397  0.00027397  0.00082192  0.00054795
  0.          0.          0.          0.          0.          0.          0.
  0.          0.          0.          0.          0.          0.          0.
  0.          0.          0.          0.          0.          0.          0.
  0.          0.          0.          0.        ]
3-Acc: 0.235890410959
Train loss: 4.72332751288
Val Loss: 3.38792851167
Val Acc Dist: [ 0.0539726   0.0969863   0.07917808  0.08054795  0.09342466  0.09726027
  0.09315068  0.08328767  0.06794521  0.06520548  0.05232877  0.03890411
  0.01890411  0.01863014  0.01589041  0.01452055  0.00849315  0.00383562
  0.00520548  0.00246575  0.0030137   0.00356164  0.00109589  0.00164384
  0.          0.          0.00054795  0.          0.          0.          0.
  0.          0.          0.          0.          0.          0.          0.
  0.          0.          0.          0.          0.          0.          0.
  0.          0.          0.          0.          0.          0.          0.
  0.          0.          0.          0.          0.          0.          0.
  0.          0.        ]
3-Acc: 0.310684931507
Train loss: 4.4581728319
Val Loss: 3.96395226341
Val Acc Dist: [ 0.0230137   0.04410959  0.02931507  0.04164384  0.05287671  0.06219178
  0.05726027  0.05643836  0.05863014  0.05616438  0.06547945  0.05616438
  0.04931507  0.04082192  0.0509589   0.05287671  0.04410959  0.03671233
  0.02849315  0.02739726  0.0290411   0.0139726   0.0060274   0.00575342
  0.00630137  0.00356164  0.00054795  0.00054795  0.          0.00027397
  0.          0.          0.          0.          0.          0.          0.
  0.          0.          0.          0.          0.          0.          0.
  0.          0.          0.          0.          0.          0.          0.
  0.          0.          0.          0.          0.          0.          0.
  0.          0.          0.        ]
3-Acc: 0.138082191781
Train loss: 4.23544201275
Val Loss: 3.21379248358
Val Acc Dist: [ 0.07232877  0.11589041  0.11808219  0.12246575  0.10219178  0.10438356
  0.06958904  0.06356164  0.04931507  0.03972603  0.03479452  0.01917808
  0.01890411  0.01424658  0.01890411  0.01315068  0.00657534  0.00465753
  0.00547945  0.00246575  0.00219178  0.00082192  0.00109589  0.          0.
  0.          0.          0.          0.          0.          0.          0.
  0.          0.          0.          0.          0.          0.          0.
  0.          0.          0.          0.          0.          0.          0.
  0.          0.          0.          0.          0.          0.          0.
  0.          0.          0.          0.          0.          0.          0.
  0.        ]
3-Acc: 0.428767123288
Train loss: 4.06093177118
Val Loss: 3.09112628251
Val Acc Dist: [ 0.08876712  0.13260274  0.13780822  0.1339726   0.10356164  0.10986301
  0.07178082  0.06027397  0.04109589  0.02547945  0.02657534  0.02
  0.01287671  0.01123288  0.00684932  0.00630137  0.00328767  0.00191781
  0.00191781  0.00082192  0.00164384  0.00054795  0.00054795  0.00027397
  0.          0.          0.          0.          0.          0.          0.
  0.          0.          0.          0.          0.          0.          0.
  0.          0.          0.          0.          0.          0.          0.
  0.          0.          0.          0.          0.          0.          0.
  0.          0.          0.          0.          0.          0.          0.
  0.          0.        ]
3-Acc: 0.493150684932
Train loss: 3.98430743344
Val Loss: 3.16901228206
Val Acc Dist: [ 0.07232877  0.12931507  0.11780822  0.12246575  0.09643836  0.10876712
  0.08438356  0.06109589  0.05616438  0.03917808  0.03506849  0.02356164
  0.01232877  0.01013699  0.01205479  0.00712329  0.00438356  0.00164384
  0.00219178  0.00109589  0.00136986  0.00054795  0.00027397  0.00027397
  0.          0.          0.          0.          0.          0.          0.
  0.          0.          0.          0.          0.          0.          0.
  0.          0.          0.          0.          0.          0.          0.
  0.          0.          0.          0.          0.          0.          0.
  0.          0.          0.          0.          0.          0.          0.
  0.          0.        ]
3-Acc: 0.441917808219
Train loss: 3.87965300973
Val Loss: 3.17197418611
Val Acc Dist: [ 0.06712329  0.13808219  0.11150685  0.10410959  0.10767123  0.09150685
  0.08109589  0.07315068  0.05068493  0.04246575  0.0339726   0.02547945
  0.0169863   0.01287671  0.01260274  0.00876712  0.01013699  0.00273973
  0.0030137   0.00273973  0.00219178  0.00054795  0.00027397  0.00027397
  0.          0.          0.          0.          0.          0.          0.
  0.          0.          0.          0.          0.          0.          0.
  0.          0.          0.          0.          0.          0.          0.
  0.          0.          0.          0.          0.          0.          0.
  0.          0.          0.          0.          0.          0.          0.
  0.          0.        ]
3-Acc: 0.420821917808
Train loss: 3.81332844702
Val Loss: 3.05189109757
Val Acc Dist: [ 0.08164384  0.14191781  0.13205479  0.11835616  0.11726027  0.10191781
  0.07753425  0.04547945  0.04849315  0.03452055  0.02465753  0.01835616
  0.01232877  0.01178082  0.00767123  0.0109589   0.00246575  0.00356164
  0.00191781  0.00219178  0.00109589  0.00082192  0.00082192  0.00054795
  0.          0.00054795  0.00027397  0.00027397  0.          0.00027397
  0.00027397  0.          0.          0.          0.          0.          0.
  0.          0.          0.          0.          0.          0.          0.
  0.          0.          0.          0.          0.          0.          0.
  0.          0.          0.          0.          0.          0.          0.
  0.          0.          0.        ]
3-Acc: 0.47397260274
Train loss: 3.74710722654
Val Loss: 3.00718754096
Val Acc Dist: [ 0.08767123  0.13561644  0.15917808  0.14493151  0.1         0.10794521
  0.06630137  0.05726027  0.03835616  0.02520548  0.02630137  0.01589041
  0.01178082  0.00821918  0.00356164  0.00356164  0.00273973  0.00082192
  0.00054795  0.00027397  0.00136986  0.00054795  0.00054795  0.00054795
  0.00027397  0.00027397  0.          0.00027397  0.          0.          0.
  0.          0.          0.          0.          0.          0.          0.
  0.          0.          0.          0.          0.          0.          0.
  0.          0.          0.          0.          0.          0.          0.
  0.          0.          0.          0.          0.          0.          0.
  0.          0.        ]
3-Acc: 0.527397260274
Train loss: 3.69463738131
Val Loss: 2.9936813056
Val Acc Dist: [ 0.0860274   0.15534247  0.13863014  0.12684932  0.11178082  0.09835616
  0.07041096  0.05178082  0.04356164  0.0369863   0.02328767  0.01671233
  0.01123288  0.01068493  0.00712329  0.00328767  0.00246575  0.00136986
  0.00164384  0.00082192  0.00054795  0.00054795  0.00027397  0.00027397
  0.          0.          0.          0.          0.          0.          0.
  0.          0.          0.          0.          0.          0.          0.
  0.          0.          0.          0.          0.          0.          0.
  0.          0.          0.          0.          0.          0.          0.
  0.          0.          0.          0.          0.          0.          0.
  0.          0.        ]
3-Acc: 0.506849315068
Train loss: 3.62419302816
Val Loss: 2.96238519055
Val Acc Dist: [ 0.08821918  0.15780822  0.15013699  0.13424658  0.11342466  0.09972603
  0.06931507  0.04876712  0.03972603  0.0230137   0.02383562  0.01643836
  0.01232877  0.00712329  0.00465753  0.00438356  0.00191781  0.00136986
  0.00054795  0.00082192  0.00109589  0.00054795  0.00054795  0.          0.
  0.          0.          0.          0.          0.          0.          0.
  0.          0.          0.          0.          0.          0.          0.
  0.          0.          0.          0.          0.          0.          0.
  0.          0.          0.          0.          0.          0.          0.
  0.          0.          0.          0.          0.          0.          0.
  0.        ]
3-Acc: 0.530410958904
Train loss: 3.57798145956
Val Loss: 2.9280774434
Val Acc Dist: [ 0.08986301  0.17260274  0.13123288  0.12767123  0.11506849  0.10794521
  0.07808219  0.05287671  0.03945205  0.02876712  0.0230137   0.01123288
  0.00575342  0.00410959  0.00383562  0.0030137   0.00164384  0.00054795
  0.00109589  0.00082192  0.00082192  0.00027397  0.00027397  0.          0.
  0.          0.          0.          0.          0.          0.          0.
  0.          0.          0.          0.          0.          0.          0.
  0.          0.          0.          0.          0.          0.          0.
  0.          0.          0.          0.          0.          0.          0.
  0.          0.          0.          0.          0.          0.          0.
  0.        ]
3-Acc: 0.521369863014
Train loss: 3.53793194608
Val Loss: 2.93496451084
Val Acc Dist: [ 0.09232877  0.16219178  0.13890411  0.12438356  0.12246575  0.1139726
  0.06876712  0.05534247  0.0339726   0.02849315  0.02        0.01068493
  0.00657534  0.00630137  0.00465753  0.00465753  0.00136986  0.00082192
  0.00164384  0.00054795  0.00109589  0.00054795  0.00027397  0.          0.
  0.          0.          0.          0.          0.          0.          0.
  0.          0.          0.          0.          0.          0.          0.
  0.          0.          0.          0.          0.          0.          0.
  0.          0.          0.          0.          0.          0.          0.
  0.          0.          0.          0.          0.          0.          0.
  0.        ]
3-Acc: 0.517808219178
Train loss: 3.4844929596
Val Loss: 2.88364181584
Val Acc Dist: [ 0.09643836  0.16958904  0.15671233  0.14849315  0.11780822  0.10657534
  0.06657534  0.04273973  0.03041096  0.01863014  0.01780822  0.01013699
  0.00383562  0.00547945  0.00273973  0.00164384  0.00109589  0.00054795
  0.00109589  0.00082192  0.00027397  0.00027397  0.00027397  0.          0.
  0.          0.          0.          0.          0.          0.          0.
  0.          0.          0.          0.          0.          0.          0.
  0.          0.          0.          0.          0.          0.          0.
  0.          0.          0.          0.          0.          0.          0.
  0.          0.          0.          0.          0.          0.          0.
  0.        ]
3-Acc: 0.571232876712
Train loss: 3.44094019522
Val Loss: 2.84096673887
Val Acc Dist: [ 0.10931507  0.17315068  0.15506849  0.12739726  0.11917808  0.11506849
  0.06246575  0.04164384  0.02657534  0.02191781  0.01589041  0.0090411
  0.00575342  0.00383562  0.00520548  0.00191781  0.00054795  0.00164384
  0.00109589  0.00109589  0.00136986  0.00027397  0.00027397  0.          0.
  0.00027397  0.          0.          0.          0.          0.          0.
  0.          0.          0.          0.          0.          0.          0.
  0.          0.          0.          0.          0.          0.          0.
  0.          0.          0.          0.          0.          0.          0.
  0.          0.          0.          0.          0.          0.          0.
  0.        ]
3-Acc: 0.564931506849
Train loss: 3.40398280049
Val Loss: 2.81515098415
Val Acc Dist: [ 0.10684932  0.18931507  0.16054795  0.13205479  0.12109589  0.10438356
  0.06630137  0.03315068  0.02876712  0.01863014  0.01506849  0.00684932
  0.00438356  0.00438356  0.00191781  0.00246575  0.00054795  0.00082192
  0.00054795  0.00109589  0.00054795  0.          0.00027397  0.          0.
  0.          0.          0.          0.          0.          0.          0.
  0.          0.          0.          0.          0.          0.          0.
  0.          0.          0.          0.          0.          0.          0.
  0.          0.          0.          0.          0.          0.          0.
  0.          0.          0.          0.          0.          0.          0.
  0.        ]
3-Acc: 0.588767123288
Train loss: 3.34724782179
Val Loss: 2.79759735539
Val Acc Dist: [ 0.11369863  0.1909589   0.16438356  0.14821918  0.11945205  0.09506849
  0.05452055  0.03589041  0.02547945  0.01342466  0.01452055  0.00520548
  0.0060274   0.00383562  0.00246575  0.00191781  0.00109589  0.00246575
  0.00054795  0.00027397  0.00027397  0.          0.00027397  0.          0.
  0.          0.          0.          0.          0.          0.          0.
  0.          0.          0.          0.          0.          0.          0.
  0.          0.          0.          0.          0.          0.          0.
  0.          0.          0.          0.          0.          0.          0.
  0.          0.          0.          0.          0.          0.          0.
  0.        ]
3-Acc: 0.617260273973
Train loss: 3.31187953521
Val Loss: 2.77716381576
Val Acc Dist: [ 0.10410959  0.18493151  0.17205479  0.13753425  0.11589041  0.10520548
  0.06273973  0.03479452  0.02739726  0.01780822  0.01315068  0.00712329
  0.00575342  0.00328767  0.00246575  0.00164384  0.00082192  0.00027397
  0.00082192  0.00082192  0.00054795  0.00027397  0.00027397  0.          0.
  0.          0.00027397  0.          0.          0.          0.          0.
  0.          0.          0.          0.          0.          0.          0.
  0.          0.          0.          0.          0.          0.          0.
  0.          0.          0.          0.          0.          0.          0.
  0.          0.          0.          0.          0.          0.          0.
  0.        ]
3-Acc: 0.598630136986
Train loss: 3.27117387714
Val Loss: 2.73406428468
Val Acc Dist: [ 0.12630137  0.18273973  0.18082192  0.14547945  0.1139726   0.09835616
  0.05150685  0.03205479  0.02520548  0.01452055  0.01232877  0.00465753
  0.00356164  0.00438356  0.00109589  0.00136986  0.00054795  0.00027397
  0.          0.00027397  0.          0.00027397  0.          0.          0.
  0.          0.          0.00027397  0.          0.          0.          0.
  0.          0.          0.          0.          0.          0.          0.
  0.          0.          0.          0.          0.          0.          0.
  0.          0.          0.          0.          0.          0.          0.
  0.          0.          0.          0.          0.          0.          0.
  0.        ]
3-Acc: 0.635342465753
Train loss: 3.23534679864
Val Loss: 2.76691311144
Val Acc Dist: [ 0.12547945  0.20273973  0.18        0.13424658  0.10986301  0.09013699
  0.04958904  0.03287671  0.02356164  0.01589041  0.01342466  0.00547945
  0.00520548  0.00438356  0.00328767  0.00191781  0.00054795  0.00027397
  0.          0.00109589  0.          0.          0.          0.          0.
  0.          0.          0.          0.          0.          0.          0.
  0.          0.          0.          0.          0.          0.          0.
  0.          0.          0.          0.          0.          0.          0.
  0.          0.          0.          0.          0.          0.          0.
  0.          0.          0.          0.          0.          0.          0.
  0.        ]
3-Acc: 0.642465753425
Train loss: 3.21796404178
Val Loss: 2.72492162522
Val Acc Dist: [ 0.12739726  0.19561644  0.1830137   0.14356164  0.1109589   0.08958904
  0.04575342  0.03369863  0.0230137   0.01616438  0.01342466  0.00547945
  0.00438356  0.00246575  0.00191781  0.00191781  0.00027397  0.00027397
  0.          0.00054795  0.00027397  0.00027397  0.          0.          0.
  0.          0.          0.          0.          0.          0.          0.
  0.          0.          0.          0.          0.          0.          0.
  0.          0.          0.          0.          0.          0.          0.
  0.          0.          0.          0.          0.          0.          0.
  0.          0.          0.          0.          0.          0.          0.
  0.        ]
3-Acc: 0.649589041096
Train loss: 3.1823402336
Val Loss: 2.72003481956
Val Acc Dist: [ 0.12575342  0.2139726   0.17150685  0.13452055  0.11534247  0.08986301
  0.04931507  0.02931507  0.02383562  0.01643836  0.01150685  0.00657534
  0.00383562  0.00246575  0.00054795  0.00219178  0.00082192  0.00027397
  0.00054795  0.00054795  0.          0.00027397  0.00027397  0.          0.
  0.          0.          0.          0.          0.00027397  0.          0.
  0.          0.          0.          0.          0.          0.          0.
  0.          0.          0.          0.          0.          0.          0.
  0.          0.          0.          0.          0.          0.          0.
  0.          0.          0.          0.          0.          0.          0.
  0.        ]
3-Acc: 0.645753424658
Train loss: 3.17391882502
Val Loss: 2.71300296973
Val Acc Dist: [ 0.13150685  0.19452055  0.18520548  0.13780822  0.1090411   0.09205479
  0.04876712  0.03232877  0.02575342  0.01260274  0.01150685  0.0060274
  0.00520548  0.0030137   0.00164384  0.00164384  0.          0.00054795
  0.00054795  0.00027397  0.          0.          0.          0.          0.
  0.          0.          0.          0.          0.          0.          0.
  0.          0.          0.          0.          0.          0.          0.
  0.          0.          0.          0.          0.          0.          0.
  0.          0.          0.          0.          0.          0.          0.
  0.          0.          0.          0.          0.          0.          0.
  0.        ]
3-Acc: 0.64904109589
Train loss: 3.15028174695
Val Loss: 2.70194460692
Val Acc Dist: [ 0.12986301  0.19808219  0.18739726  0.14191781  0.10958904  0.0890411
  0.04630137  0.03123288  0.02520548  0.01424658  0.01315068  0.00410959
  0.00246575  0.00356164  0.00136986  0.00082192  0.00027397  0.00027397
  0.00027397  0.00054795  0.          0.00027397  0.          0.          0.
  0.          0.          0.          0.          0.          0.          0.
  0.          0.          0.          0.          0.          0.          0.
  0.          0.          0.          0.          0.          0.          0.
  0.          0.          0.          0.          0.          0.          0.
  0.          0.          0.          0.          0.          0.          0.
  0.        ]
3-Acc: 0.657260273973
Train loss: 3.13034695106
Val Loss: 2.6986636316
Val Acc Dist: [ 0.12547945  0.2090411   0.18493151  0.14164384  0.10657534  0.08684932
  0.04821918  0.02986301  0.02438356  0.01452055  0.01315068  0.00465753
  0.00273973  0.0030137   0.00219178  0.00164384  0.00027397  0.
  0.00027397  0.00027397  0.          0.00027397  0.          0.          0.
  0.          0.          0.          0.          0.          0.          0.
  0.          0.          0.          0.          0.          0.          0.
  0.          0.          0.          0.          0.          0.          0.
  0.          0.          0.          0.          0.          0.          0.
  0.          0.          0.          0.          0.          0.          0.
  0.        ]
3-Acc: 0.661095890411
Train loss: 3.12374677808
Val Loss: 2.69843203218
Val Acc Dist: [ 0.1339726   0.19808219  0.18821918  0.1369863   0.10164384  0.08246575
  0.05013699  0.03643836  0.02520548  0.0139726   0.01424658  0.00657534
  0.00465753  0.00273973  0.00191781  0.00164384  0.          0.
  0.00054795  0.00027397  0.          0.          0.          0.          0.
  0.          0.          0.          0.          0.          0.00027397
  0.          0.          0.          0.          0.          0.          0.
  0.          0.          0.          0.          0.          0.          0.
  0.          0.          0.          0.          0.          0.          0.
  0.          0.          0.          0.          0.          0.          0.
  0.          0.        ]
3-Acc: 0.657260273973
Train loss: 3.09565584376
Val Loss: 2.67799549482
Val Acc Dist: [ 0.13808219  0.19972603  0.18794521  0.13890411  0.10821918  0.08739726
  0.04191781  0.03506849  0.02027397  0.01315068  0.01123288  0.00520548
  0.00520548  0.00328767  0.00164384  0.00082192  0.00054795  0.00027397
  0.00054795  0.00054795  0.          0.          0.          0.          0.
  0.          0.          0.          0.          0.          0.          0.
  0.          0.          0.          0.          0.          0.          0.
  0.          0.          0.          0.          0.          0.          0.
  0.          0.          0.          0.          0.          0.          0.
  0.          0.          0.          0.          0.          0.          0.
  0.        ]
3-Acc: 0.664657534247
Train loss: 3.08322778922
Val Loss: 2.69375031693
Val Acc Dist: [ 0.11863014  0.20273973  0.17643836  0.14082192  0.10630137  0.09589041
  0.04931507  0.03643836  0.02739726  0.01780822  0.01068493  0.00739726
  0.00273973  0.00383562  0.00164384  0.00027397  0.00109589  0.          0.
  0.00054795  0.          0.          0.          0.          0.          0.
  0.          0.          0.          0.          0.          0.          0.
  0.          0.          0.          0.          0.          0.          0.
  0.          0.          0.          0.          0.          0.          0.
  0.          0.          0.          0.          0.          0.          0.
  0.          0.          0.          0.          0.          0.          0.        ]
3-Acc: 0.638630136986
Train loss: 3.07650326392
Val Loss: 2.69007212234
Val Acc Dist: [ 0.11972603  0.21260274  0.18438356  0.13917808  0.10383562  0.08821918
  0.05232877  0.03424658  0.02410959  0.01287671  0.01150685  0.00547945
  0.00356164  0.00246575  0.00219178  0.00136986  0.00082192  0.00027397
  0.          0.00027397  0.00027397  0.00027397  0.          0.          0.
  0.          0.          0.          0.          0.          0.          0.
  0.          0.          0.          0.          0.          0.          0.
  0.          0.          0.          0.          0.          0.          0.
  0.          0.          0.          0.          0.          0.          0.
  0.          0.          0.          0.          0.          0.          0.
  0.        ]
3-Acc: 0.655890410959
Train loss: 3.06243687692
Val Loss: 2.71359190529
Val Acc Dist: [ 0.13424658  0.16931507  0.19178082  0.15506849  0.09589041  0.0860274
  0.05013699  0.04219178  0.03150685  0.01424658  0.01205479  0.00465753
  0.00684932  0.00164384  0.00082192  0.00109589  0.00109589  0.00054795
  0.00054795  0.          0.          0.00027397  0.          0.          0.
  0.          0.          0.          0.          0.          0.          0.
  0.          0.          0.          0.          0.          0.          0.
  0.          0.          0.          0.          0.          0.          0.
  0.          0.          0.          0.          0.          0.          0.
  0.          0.          0.          0.          0.          0.          0.
  0.        ]
3-Acc: 0.650410958904
Train loss: 3.04948279715
Val Loss: 2.68997076328
Val Acc Dist: [ 0.13890411  0.19205479  0.18547945  0.13863014  0.10821918  0.08657534
  0.04657534  0.03534247  0.02657534  0.01479452  0.01150685  0.00438356
  0.00410959  0.00246575  0.00136986  0.00164384  0.          0.00027397
  0.00027397  0.00054795  0.          0.00027397  0.          0.          0.
  0.          0.          0.          0.          0.          0.          0.
  0.          0.          0.          0.          0.          0.          0.
  0.          0.          0.          0.          0.          0.          0.
  0.          0.          0.          0.          0.          0.          0.
  0.          0.          0.          0.          0.          0.          0.
  0.        ]
3-Acc: 0.655068493151
Train loss: 3.0436138014
Val Loss: 2.67033630979
Val Acc Dist: [ 0.12356164  0.20739726  0.19561644  0.14547945  0.09753425  0.08575342
  0.04767123  0.03205479  0.02383562  0.01479452  0.01150685  0.00383562
  0.00356164  0.00328767  0.00136986  0.00136986  0.00027397  0.00027397
  0.00027397  0.00027397  0.          0.00027397  0.          0.          0.
  0.          0.          0.          0.          0.          0.          0.
  0.          0.          0.          0.          0.          0.          0.
  0.          0.          0.          0.          0.          0.          0.
  0.          0.          0.          0.          0.          0.          0.
  0.          0.          0.          0.          0.          0.          0.
  0.        ]
3-Acc: 0.672054794521
Train loss: 3.0317437307
Val Loss: 2.68247524738
Val Acc Dist: [ 0.12794521  0.20575342  0.18082192  0.14575342  0.09890411  0.08821918
  0.04849315  0.03561644  0.02438356  0.01506849  0.0109589   0.00410959
  0.00547945  0.00383562  0.00164384  0.00109589  0.00082192  0.00027397
  0.00027397  0.00027397  0.          0.00027397  0.          0.          0.
  0.          0.          0.          0.          0.          0.          0.
  0.          0.          0.          0.          0.          0.          0.
  0.          0.          0.          0.          0.          0.          0.
  0.          0.          0.          0.          0.          0.          0.
  0.          0.          0.          0.          0.          0.          0.
  0.        ]
3-Acc: 0.660273972603
Train loss: 3.02379896938
Val Loss: 2.67985230668
Val Acc Dist: [ 0.12712329  0.22054795  0.17232877  0.14876712  0.1060274   0.08712329
  0.0430137   0.02821918  0.02712329  0.01342466  0.00849315  0.00575342
  0.00383562  0.00356164  0.00164384  0.00109589  0.00082192  0.
  0.00054795  0.          0.          0.00054795  0.          0.          0.
  0.          0.          0.          0.          0.          0.          0.
  0.          0.          0.          0.          0.          0.          0.
  0.          0.          0.          0.          0.          0.          0.
  0.          0.          0.          0.          0.          0.          0.
  0.          0.          0.          0.          0.          0.          0.
  0.        ]
3-Acc: 0.668767123288
Train loss: 3.01655656574
Val Loss: 2.68830132484
Val Acc Dist: [ 0.13424658  0.20493151  0.1739726   0.14739726  0.10547945  0.08876712
  0.0460274   0.03287671  0.02410959  0.01342466  0.01041096  0.00465753
  0.00438356  0.00356164  0.00219178  0.00136986  0.00109589  0.          0.
  0.00054795  0.          0.00027397  0.          0.          0.00027397
  0.          0.          0.          0.          0.          0.          0.
  0.          0.          0.          0.          0.          0.          0.
  0.          0.          0.          0.          0.          0.          0.
  0.          0.          0.          0.          0.          0.          0.
  0.          0.          0.          0.          0.          0.          0.
  0.        ]
3-Acc: 0.660547945205
Train loss: 3.00506749962
Val Loss: 2.67139285715
Val Acc Dist: [ 0.13260274  0.19534247  0.1890411   0.14383562  0.10849315  0.08630137
  0.04876712  0.02876712  0.02493151  0.01452055  0.00958904  0.00438356
  0.00465753  0.00410959  0.00136986  0.00109589  0.00136986  0.
  0.00027397  0.          0.          0.00054795  0.          0.          0.
  0.          0.          0.          0.          0.          0.          0.
  0.          0.          0.          0.          0.          0.          0.
  0.          0.          0.          0.          0.          0.          0.
  0.          0.          0.          0.          0.          0.          0.
  0.          0.          0.          0.          0.          0.          0.
  0.        ]
3-Acc: 0.660821917808
Train loss: 3.00295831047
Val Loss: 2.68842429788
Val Acc Dist: [ 0.13123288  0.18383562  0.19150685  0.15369863  0.09506849  0.08767123
  0.05178082  0.03753425  0.02657534  0.01205479  0.01013699  0.00520548
  0.00547945  0.00273973  0.00191781  0.00136986  0.00054795  0.00027397
  0.00027397  0.00054795  0.          0.          0.          0.          0.
  0.00027397  0.          0.          0.          0.00027397  0.          0.
  0.          0.          0.          0.          0.          0.          0.
  0.          0.          0.          0.          0.          0.          0.
  0.          0.          0.          0.          0.          0.          0.
  0.          0.          0.          0.          0.          0.          0.
  0.        ]
3-Acc: 0.660273972603
Train loss: 2.98867046918
Val Loss: 2.68292384527
Val Acc Dist: [ 0.13232877  0.21123288  0.17835616  0.14136986  0.10109589  0.08712329
  0.04849315  0.03178082  0.02246575  0.01424658  0.01315068  0.00438356
  0.00520548  0.0030137   0.00246575  0.00109589  0.00082192  0.00027397
  0.00054795  0.00054795  0.          0.          0.          0.          0.
  0.          0.          0.          0.          0.          0.          0.
  0.          0.          0.          0.          0.          0.          0.
  0.          0.          0.          0.          0.          0.          0.
  0.          0.          0.          0.          0.          0.          0.
  0.          0.          0.          0.          0.          0.          0.
  0.        ]
3-Acc: 0.663287671233
Train loss: 2.98421865431
Val Loss: 2.67828316244
Val Acc Dist: [ 0.12410959  0.20082192  0.17671233  0.14246575  0.12219178  0.09123288
  0.05123288  0.02876712  0.02438356  0.01342466  0.0109589   0.0030137
  0.00328767  0.00356164  0.00164384  0.00164384  0.          0.
  0.00027397  0.00027397  0.          0.          0.          0.          0.
  0.          0.          0.          0.          0.          0.          0.
  0.          0.          0.          0.          0.          0.          0.
  0.          0.          0.          0.          0.          0.          0.
  0.          0.          0.          0.          0.          0.          0.
  0.          0.          0.          0.          0.          0.          0.
  0.        ]
3-Acc: 0.644109589041
Train loss: 2.97899176264
Val Loss: 2.68480314294
Val Acc Dist: [ 0.13479452  0.20438356  0.18383562  0.14821918  0.09726027  0.08465753
  0.04630137  0.03726027  0.02493151  0.0109589   0.01150685  0.00410959
  0.00438356  0.00219178  0.00219178  0.00164384  0.00082192  0.
  0.00027397  0.          0.          0.00027397  0.          0.          0.
  0.          0.          0.          0.          0.          0.          0.
  0.          0.          0.          0.          0.          0.          0.
  0.          0.          0.          0.          0.          0.          0.
  0.          0.          0.          0.          0.          0.          0.
  0.          0.          0.          0.          0.          0.          0.
  0.        ]
3-Acc: 0.671232876712
Train loss: 2.96574208064
Val Loss: 2.66595858456
Val Acc Dist: [ 0.14164384  0.19671233  0.18657534  0.1460274   0.09945205  0.08520548
  0.04410959  0.03479452  0.02520548  0.01369863  0.00931507  0.00520548
  0.00383562  0.00383562  0.00136986  0.00082192  0.00054795  0.00054795
  0.00027397  0.00054795  0.          0.00027397  0.          0.          0.
  0.          0.          0.          0.          0.          0.          0.
  0.          0.          0.          0.          0.          0.          0.
  0.          0.          0.          0.          0.          0.          0.
  0.          0.          0.          0.          0.          0.          0.
  0.          0.          0.          0.          0.          0.          0.
  0.        ]
3-Acc: 0.67095890411
Train loss: 2.96013264195
Val Loss: 2.66778570881
Val Acc Dist: [ 0.13232877  0.20630137  0.18109589  0.14082192  0.10767123  0.08739726
  0.04712329  0.03260274  0.02657534  0.0109589   0.01068493  0.00410959
  0.00493151  0.0030137   0.00136986  0.00109589  0.00109589  0.00027397
  0.          0.00027397  0.          0.          0.          0.          0.
  0.          0.          0.          0.          0.00027397  0.          0.
  0.          0.          0.          0.          0.          0.          0.
  0.          0.          0.          0.          0.          0.          0.
  0.          0.          0.          0.          0.          0.          0.
  0.          0.          0.          0.          0.          0.          0.
  0.        ]
3-Acc: 0.660547945205
Train loss: 2.95805006914
Val Loss: 2.67166032504
Val Acc Dist: [ 0.12931507  0.20630137  0.18767123  0.14383562  0.09917808  0.08821918
  0.04986301  0.03150685  0.02246575  0.01123288  0.01232877  0.00630137
  0.00465753  0.0030137   0.00191781  0.00082192  0.00054795  0.00027397
  0.          0.00054795  0.          0.          0.          0.          0.
  0.          0.          0.          0.          0.          0.          0.
  0.          0.          0.          0.          0.          0.          0.
  0.          0.          0.          0.          0.          0.          0.
  0.          0.          0.          0.          0.          0.          0.
  0.          0.          0.          0.          0.          0.          0.
  0.        ]
3-Acc: 0.667123287671
Train loss: 2.95241572966
Val Loss: 2.67567668686
Val Acc Dist: [ 0.13342466  0.20273973  0.18465753  0.14383562  0.11287671  0.08657534
  0.0430137   0.03205479  0.02054795  0.01561644  0.00958904  0.0030137
  0.00465753  0.00356164  0.00164384  0.00082192  0.00027397  0.00027397
  0.00027397  0.00027397  0.          0.          0.          0.          0.
  0.          0.          0.          0.          0.00027397  0.          0.
  0.          0.          0.          0.          0.          0.          0.
  0.          0.          0.          0.          0.          0.          0.
  0.          0.          0.          0.          0.          0.          0.
  0.          0.          0.          0.          0.          0.          0.
  0.        ]
3-Acc: 0.664657534247
Train loss: 2.94642040715
Val Loss: 2.6785135113
Val Acc Dist: [ 0.13123288  0.20465753  0.18849315  0.13972603  0.10547945  0.0860274
  0.0509589   0.02712329  0.02630137  0.01041096  0.0109589   0.00547945
  0.00465753  0.00383562  0.00191781  0.00054795  0.00054795  0.00054795
  0.          0.00054795  0.          0.          0.          0.          0.
  0.00027397  0.          0.00027397  0.          0.          0.          0.
  0.          0.          0.          0.          0.          0.          0.
  0.          0.          0.          0.          0.          0.          0.
  0.          0.          0.          0.          0.          0.          0.
  0.          0.          0.          0.          0.          0.          0.
  0.        ]
3-Acc: 0.664109589041
Train loss: 2.94077829068
Val Loss: 2.66448845955
Val Acc Dist: [ 0.13589041  0.19780822  0.19123288  0.1460274   0.10109589  0.07972603
  0.04410959  0.03616438  0.02246575  0.01452055  0.0139726   0.00520548
  0.00493151  0.00273973  0.00191781  0.00082192  0.00109589  0.          0.
  0.          0.          0.00027397  0.          0.          0.          0.
  0.          0.          0.          0.          0.          0.          0.
  0.          0.          0.          0.          0.          0.          0.
  0.          0.          0.          0.          0.          0.          0.
  0.          0.          0.          0.          0.          0.          0.
  0.          0.          0.          0.          0.          0.          0.        ]
3-Acc: 0.67095890411
Train loss: 2.94004203691
Val Loss: 2.67033875256
Val Acc Dist: [ 0.12712329  0.20520548  0.18821918  0.14191781  0.10191781  0.08383562
  0.05205479  0.03315068  0.02849315  0.01068493  0.01041096  0.00493151
  0.00383562  0.00328767  0.00246575  0.00054795  0.00109589  0.00027397
  0.          0.00027397  0.          0.00027397  0.          0.          0.
  0.          0.          0.          0.          0.          0.          0.
  0.          0.          0.          0.          0.          0.          0.
  0.          0.          0.          0.          0.          0.          0.
  0.          0.          0.          0.          0.          0.          0.
  0.          0.          0.          0.          0.          0.          0.
  0.        ]
3-Acc: 0.662465753425
Train loss: 2.93090587072
Val Loss: 2.6775920118
Val Acc Dist: [ 0.13315068  0.20821918  0.17972603  0.15369863  0.09315068  0.07589041
  0.05041096  0.03287671  0.02767123  0.01561644  0.01452055  0.00465753
  0.00465753  0.00219178  0.00109589  0.00082192  0.00082192  0.00054795
  0.00027397  0.          0.          0.          0.          0.          0.
  0.          0.          0.          0.          0.          0.          0.
  0.          0.          0.          0.          0.          0.          0.
  0.          0.          0.          0.          0.          0.          0.
  0.          0.          0.          0.          0.          0.          0.
  0.          0.          0.          0.          0.          0.          0.
  0.        ]
3-Acc: 0.674794520548
